0 silly argv {
0 silly argv   _: [ 'version' ],
0 silly argv   'conventional-commits': true,
0 silly argv   conventionalCommits: true,
0 silly argv   yes: true,
0 silly argv   y: true,
0 silly argv   lernaVersion: '4.0.0',
0 silly argv   '$0': '/Users/md/Desktop/projects/select-pure/node_modules/.bin/lerna',
0 silly argv   bump: 'prerelease'
0 silly argv }
1 notice cli v4.0.0
2 verbose rootPath /Users/md/Desktop/projects/select-pure
3 info versioning independent
4 error JSONError: Unexpected token "]" (0x5D) in JSON at position 871 while parsing near "...s\": [\n    \"dist\",\n  ],\n  \"module\": \"dist..." in packages/select-pure/package.json
4 error
4 error [0m [90m 34 |[39m   [32m"files"[39m[33m:[39m [[0m
4 error [0m [90m 35 |[39m     [32m"dist"[39m[33m,[39m[0m
4 error [0m[31m[1m>[22m[39m[90m 36 |[39m   ][33m,[39m[0m
4 error [0m [90m    |[39m   [31m[1m^[22m[39m[0m
4 error [0m [90m 37 |[39m   [32m"module"[39m[33m:[39m [32m"dist/index.js"[39m[33m,[39m[0m
4 error [0m [90m 38 |[39m   [32m"main"[39m[33m:[39m [32m"dist/index.js"[39m[33m,[39m[0m
4 error [0m [90m 39 |[39m   [32m"repository"[39m[33m:[39m {[0m
4 error
4 error     at parseJson (/Users/md/Desktop/projects/select-pure/node_modules/parse-json/index.js:29:21)
4 error     at parse (/Users/md/Desktop/projects/select-pure/node_modules/load-json-file/index.js:15:9)
4 error     at module.exports (/Users/md/Desktop/projects/select-pure/node_modules/load-json-file/index.js:18:47)
